2022-04-20 17:41:04,096 [INFO] app: Before Request
2022-04-20 17:41:04,242 [INFO] app: After Request
2022-04-20 17:41:08,093 [INFO] app: Before Request
2022-04-20 17:41:08,193 [INFO] app: After Request
2022-04-20 17:41:10,713 [INFO] app: Before Request
2022-04-20 17:41:10,738 [INFO] app: After Request
2022-04-20 17:41:11,714 [INFO] app: Before Request
2022-04-20 17:41:11,746 [INFO] app: After Request
2022-04-20 17:41:12,648 [INFO] app: Before Request
2022-04-20 17:41:12,675 [INFO] app: After Request
2022-04-20 17:41:13,791 [INFO] app: Before Request
2022-04-20 17:41:13,857 [INFO] app: After Request
2022-04-20 17:41:40,473 [INFO] app: Before Request
2022-04-20 17:41:40,542 [INFO] app: After Request
2022-04-20 17:41:41,810 [INFO] app: Before Request
2022-04-20 17:41:41,818 [INFO] app: After Request
2022-04-20 17:41:42,632 [INFO] app: Before Request
2022-04-20 17:41:42,662 [INFO] app: After Request
2022-04-20 17:41:43,488 [INFO] app: Before Request
2022-04-20 17:41:43,513 [INFO] app: After Request
2022-04-20 17:41:44,610 [INFO] app: Before Request
2022-04-20 17:41:44,618 [INFO] app: After Request
2022-04-20 17:42:37,767 [INFO] app: Before Request
2022-04-20 17:42:37,803 [INFO] app: After Request
2022-04-20 17:42:47,453 [INFO] app: Before Request
2022-04-20 17:42:47,465 [INFO] app: After Request
2022-04-20 17:52:18,604 [INFO] app: Before Request
2022-04-20 17:52:18,643 [INFO] app: After Request
2022-04-20 17:52:35,509 [INFO] app: Before Request
2022-04-20 17:52:35,554 [INFO] app: After Request
2022-04-20 17:53:01,631 [INFO] app: Before Request
2022-04-20 17:53:01,707 [INFO] app: After Request
2022-04-20 17:53:07,559 [INFO] app: Before Request
2022-04-20 17:53:07,566 [INFO] app: After Request
2022-04-20 17:53:09,261 [INFO] app: Before Request
2022-04-20 17:53:09,271 [INFO] app: After Request
2022-04-20 17:53:14,704 [INFO] app: Before Request
2022-04-20 17:53:14,728 [INFO] app: After Request
2022-04-20 17:53:17,498 [INFO] app: Before Request
2022-04-20 17:53:35,788 [INFO] app: Before Request
2022-04-20 17:53:35,795 [INFO] app: After Request
2022-04-20 17:56:24,930 [INFO] app: Before Request
2022-04-21 14:42:32,985 [INFO] app: Before Request
2022-04-21 14:42:33,143 [INFO] app: After Request
2022-04-21 14:42:38,984 [INFO] app: Before Request
2022-04-21 14:44:02,377 [INFO] app: Before Request
2022-04-21 14:44:02,389 [INFO] app: After Request
2022-04-21 14:44:08,443 [INFO] app: Before Request
2022-04-21 14:44:08,475 [INFO] app: After Request
2022-04-21 14:56:10,374 [INFO] app: Before Request
2022-04-21 14:56:10,538 [INFO] app: After Request
2022-04-21 14:56:14,895 [INFO] app: Before Request
2022-04-21 14:56:21,450 [INFO] app: Before Request
2022-04-21 14:56:21,617 [INFO] app: After Request
2022-04-21 14:56:37,545 [INFO] app: Before Request
2022-04-21 14:59:43,778 [INFO] app: Before Request
2022-04-21 14:59:43,787 [INFO] app: After Request
2022-04-21 16:39:44,169 [INFO] app: Before Request
2022-04-21 16:39:44,179 [INFO] app: After Request
2022-04-21 16:39:48,284 [INFO] app: Before Request
2022-04-21 16:55:11,665 [INFO] app: Before Request
2022-04-21 16:55:11,917 [INFO] app: After Request
2022-04-21 16:55:17,149 [INFO] app: Before Request
2022-04-21 16:55:17,175 [INFO] app: After Request
2022-04-21 16:55:21,742 [INFO] app: Before Request
2022-04-21 16:55:21,789 [INFO] app: After Request
2022-04-21 17:46:47,322 [INFO] app: Before Request
2022-04-21 17:46:47,503 [INFO] app: After Request
2022-04-21 17:50:13,056 [INFO] app: Before Request
2022-04-21 17:50:13,068 [INFO] app: After Request
2022-04-21 17:50:14,882 [INFO] app: Before Request
2022-04-21 17:50:14,908 [INFO] app: After Request
2022-04-21 17:54:09,305 [INFO] app: Before Request
2022-04-21 17:56:55,653 [INFO] app: Before Request
2022-04-21 17:56:55,659 [INFO] app: After Request
2022-04-21 17:56:57,897 [INFO] app: Before Request
2022-04-21 18:01:39,486 [INFO] app: Before Request
2022-04-21 18:01:39,659 [INFO] app: After Request
2022-04-21 18:01:41,443 [INFO] app: Before Request
2022-04-21 18:01:41,488 [INFO] app: After Request
2022-04-21 18:01:50,420 [INFO] app: Before Request
2022-04-21 18:03:56,258 [INFO] app: Before Request
2022-04-21 18:03:56,266 [INFO] app: After Request
2022-04-21 18:03:59,234 [INFO] app: Before Request
2022-04-21 18:03:59,253 [INFO] app: After Request
2022-04-21 18:04:00,527 [INFO] app: Before Request
2022-04-21 18:04:00,545 [INFO] app: After Request
2022-04-21 18:04:10,028 [INFO] app: Before Request
2022-04-21 18:04:10,037 [INFO] app: After Request
2022-04-21 18:05:14,281 [INFO] app: Before Request
2022-04-21 18:05:14,292 [INFO] app: After Request
2022-04-21 18:05:16,593 [INFO] app: Before Request
2022-04-21 18:05:16,603 [INFO] app: After Request
2022-04-21 18:05:17,209 [INFO] app: Before Request
2022-04-21 18:05:17,221 [INFO] app: After Request
2022-04-21 18:05:18,785 [INFO] app: Before Request
2022-04-21 18:05:18,792 [INFO] app: After Request
2022-04-21 18:22:20,672 [INFO] app: Before Request
2022-04-21 18:58:30,981 [INFO] app: Before Request
2022-04-21 18:58:31,126 [INFO] app: After Request
2022-04-21 18:58:35,103 [INFO] app: Before Request
2022-04-21 19:37:17,951 [INFO] app: Before Request
2022-04-21 19:37:19,273 [INFO] app: After Request
2022-04-21 19:37:25,404 [INFO] app: Before Request
2022-04-21 19:37:25,452 [INFO] app: After Request
2022-04-21 19:37:25,466 [INFO] app: Before Request
2022-04-21 19:37:25,487 [INFO] app: After Request
2022-04-21 19:37:31,647 [INFO] app: Before Request
2022-04-21 19:37:31,665 [INFO] app: After Request
2022-04-21 19:37:55,527 [INFO] app: Before Request
2022-04-21 19:37:55,722 [INFO] app: After Request
2022-04-21 19:37:55,730 [INFO] app: Before Request
2022-04-21 19:37:55,736 [INFO] app: After Request
2022-04-21 19:57:16,653 [INFO] app: Before Request
2022-04-21 19:57:16,786 [INFO] app: After Request
2022-04-21 19:57:16,796 [INFO] app: Before Request
2022-04-21 19:57:16,802 [INFO] app: After Request
2022-04-21 19:57:31,423 [INFO] app: Before Request
2022-04-21 19:57:31,430 [INFO] app: After Request
2022-04-21 19:57:41,391 [INFO] app: Before Request
2022-04-21 19:57:41,547 [INFO] app: After Request
2022-04-21 19:57:41,554 [INFO] app: Before Request
2022-04-21 19:57:41,559 [INFO] app: After Request
2022-04-21 19:57:44,817 [INFO] app: Before Request
2022-04-21 19:57:44,950 [INFO] app: After Request
2022-04-21 19:57:44,959 [INFO] app: Before Request
2022-04-21 19:57:44,966 [INFO] app: After Request
2022-04-21 19:57:59,223 [INFO] app: Before Request
2022-04-21 19:57:59,383 [INFO] app: After Request
2022-04-21 19:57:59,390 [INFO] app: Before Request
2022-04-21 20:00:34,582 [INFO] app: Before Request
2022-04-21 20:04:01,725 [INFO] app: Before Request
2022-04-21 20:04:01,859 [INFO] app: After Request
2022-04-21 20:04:01,943 [INFO] app: Before Request
2022-04-21 20:04:01,944 [INFO] app: After Request
2022-04-21 20:04:01,946 [INFO] app: Before Request
2022-04-21 20:04:02,066 [INFO] app: After Request
2022-04-21 20:04:02,069 [INFO] app: Before Request
2022-04-21 20:04:02,081 [INFO] app: After Request
2022-04-21 20:04:02,356 [INFO] app: Before Request
2022-04-21 20:04:02,484 [INFO] app: After Request
2022-04-21 20:04:02,569 [INFO] app: Before Request
2022-04-21 20:04:02,687 [INFO] app: After Request
2022-04-21 20:04:02,766 [INFO] app: Before Request
2022-04-21 20:04:02,888 [INFO] app: After Request
2022-04-21 20:04:02,978 [INFO] app: Before Request
2022-04-21 20:04:03,123 [INFO] app: After Request
2022-04-21 20:04:03,331 [INFO] app: Before Request
2022-04-21 20:04:03,452 [INFO] app: After Request
2022-04-21 20:04:03,539 [INFO] app: Before Request
2022-04-21 20:04:03,663 [INFO] app: After Request
2022-04-21 20:04:03,748 [INFO] app: Before Request
2022-04-21 20:04:03,868 [INFO] app: After Request
2022-04-21 20:04:03,948 [INFO] app: Before Request
2022-04-21 20:04:04,068 [INFO] app: After Request
2022-04-21 20:06:42,186 [INFO] app: Before Request
2022-04-21 20:06:42,216 [INFO] app: After Request
2022-04-21 20:06:42,225 [INFO] app: Before Request
2022-04-21 20:06:42,363 [INFO] app: After Request
2022-04-21 20:06:46,463 [INFO] app: Before Request
2022-04-21 20:08:42,654 [INFO] app: Before Request
2022-04-21 20:08:48,486 [INFO] app: Before Request
2022-04-21 20:08:48,640 [INFO] app: After Request
2022-04-21 20:08:50,769 [INFO] app: Before Request
2022-04-21 20:08:50,789 [INFO] app: After Request
2022-04-21 20:09:03,098 [INFO] app: Before Request
2022-04-21 20:17:04,561 [INFO] app: Before Request
2022-04-21 20:17:04,815 [INFO] app: After Request
2022-04-21 20:17:04,826 [INFO] app: Before Request
2022-04-21 20:17:05,027 [INFO] app: After Request
2022-04-21 20:22:43,470 [INFO] app: Before Request
2022-04-21 20:22:43,652 [INFO] app: After Request
2022-04-21 20:22:47,377 [INFO] app: Before Request
2022-04-21 20:22:47,403 [INFO] app: After Request
2022-04-21 20:22:49,677 [INFO] app: Before Request
2022-04-21 20:22:49,704 [INFO] app: After Request
2022-04-21 20:22:51,062 [INFO] app: Before Request
2022-04-21 20:22:51,080 [INFO] app: After Request
2022-04-21 20:22:51,911 [INFO] app: Before Request
2022-04-21 20:22:51,928 [INFO] app: After Request
2022-04-21 20:22:52,634 [INFO] app: Before Request
2022-04-21 20:22:52,658 [INFO] app: After Request
2022-04-21 20:22:53,629 [INFO] app: Before Request
2022-04-21 20:22:53,646 [INFO] app: After Request
2022-04-21 20:22:55,119 [INFO] app: Before Request
2022-04-21 20:22:55,134 [INFO] app: After Request
2022-04-21 20:22:57,448 [INFO] app: Before Request
2022-04-21 20:22:57,463 [INFO] app: After Request
2022-04-21 20:22:57,472 [INFO] app: Before Request
2022-04-21 20:22:57,485 [INFO] app: After Request
2022-04-21 20:23:01,783 [INFO] app: Before Request
2022-04-21 20:23:01,802 [INFO] app: After Request
2022-04-21 20:31:23,346 [INFO] app: Before Request
2022-04-21 20:31:23,656 [INFO] app: After Request
2022-04-21 20:31:26,209 [INFO] app: Before Request
2022-04-21 20:31:26,240 [INFO] app: After Request
2022-04-21 20:31:28,317 [INFO] app: Before Request
2022-04-21 20:31:28,331 [INFO] app: After Request
2022-04-21 20:41:18,731 [INFO] app: Before Request
2022-04-21 20:41:18,929 [INFO] app: After Request
2022-04-21 20:41:18,943 [INFO] app: Before Request
2022-04-21 20:41:19,089 [INFO] app: After Request
2022-04-21 20:41:32,262 [INFO] app: Before Request
2022-04-21 20:41:32,444 [INFO] app: After Request
2022-04-21 20:41:32,451 [INFO] app: Before Request
2022-04-21 20:42:34,398 [INFO] app: Before Request
2022-04-21 20:42:37,073 [INFO] app: Before Request
2022-04-21 20:42:38,599 [INFO] app: Before Request
2022-04-21 20:42:44,550 [INFO] app: Before Request
2022-04-21 20:43:14,965 [INFO] app: Before Request
2022-04-21 20:43:57,384 [INFO] app: Before Request
2022-04-21 20:44:05,941 [INFO] app: Before Request
2022-04-21 20:47:50,148 [INFO] app: Before Request
2022-04-21 20:48:46,198 [INFO] app: Before Request
2022-04-21 20:50:55,140 [INFO] app: Before Request
2022-04-21 20:50:56,590 [INFO] app: Before Request
2022-04-21 20:51:02,919 [INFO] app: Before Request
2022-04-21 20:54:04,233 [INFO] app: Before Request
2022-04-21 20:55:52,721 [INFO] app: Before Request
2022-04-21 21:01:10,444 [INFO] app: Before Request
2022-04-21 21:04:53,955 [INFO] app: Before Request
2022-04-21 21:04:53,985 [INFO] app: After Request
2022-04-21 21:04:53,994 [INFO] app: Before Request
2022-04-21 21:04:58,194 [INFO] app: Before Request
2022-04-21 21:04:58,226 [INFO] app: After Request
2022-04-21 21:04:59,971 [INFO] app: Before Request
2022-04-21 21:05:02,971 [INFO] app: Before Request
2022-04-21 21:09:13,590 [INFO] app: Before Request
2022-04-21 21:11:49,830 [INFO] app: Before Request
2022-04-21 21:11:49,865 [INFO] app: After Request
2022-04-21 21:11:50,934 [INFO] app: Before Request
2022-04-21 21:11:51,099 [INFO] app: After Request
2022-04-21 21:12:10,404 [INFO] app: Before Request
2022-04-21 21:12:10,429 [INFO] app: After Request
2022-04-21 21:12:17,388 [INFO] app: Before Request
2022-04-21 21:12:17,419 [INFO] app: After Request
2022-04-21 21:12:17,433 [INFO] app: Before Request
2022-04-21 21:12:17,562 [INFO] app: After Request
2022-04-21 21:12:36,733 [INFO] app: Before Request
2022-04-21 21:12:36,750 [INFO] app: After Request
2022-04-21 21:12:39,762 [INFO] app: Before Request
2022-04-21 21:12:39,764 [INFO] app: After Request
2022-04-21 21:12:39,774 [INFO] app: Before Request
2022-04-21 21:12:39,788 [INFO] app: After Request
2022-04-21 21:12:44,566 [INFO] app: Before Request
2022-04-21 21:12:44,568 [INFO] app: After Request
2022-04-21 21:12:44,578 [INFO] app: Before Request
2022-04-21 21:12:44,585 [INFO] app: After Request
2022-04-21 21:13:45,423 [INFO] app: Before Request
2022-04-21 21:13:45,561 [INFO] app: After Request
2022-04-21 21:13:45,570 [INFO] app: Before Request
2022-04-21 21:13:45,698 [INFO] app: After Request
2022-04-21 21:13:49,246 [INFO] app: Before Request
2022-04-21 21:13:49,263 [INFO] app: After Request
2022-04-21 21:14:01,890 [INFO] app: Before Request
2022-04-21 21:14:02,054 [INFO] app: After Request
2022-04-21 21:14:02,062 [INFO] app: Before Request
2022-04-21 21:14:02,067 [INFO] app: After Request
2022-04-21 21:14:10,350 [INFO] app: Before Request
2022-04-21 21:14:10,518 [INFO] app: After Request
2022-04-21 21:14:10,526 [INFO] app: Before Request
2022-04-21 21:14:10,563 [INFO] app: After Request
2022-04-22 04:58:35,238 [INFO] app: Before Request
2022-04-22 04:58:36,092 [INFO] app: After Request
2022-04-22 04:58:38,797 [INFO] app: Before Request
2022-04-22 04:58:39,200 [INFO] app: After Request
2022-04-22 04:58:40,702 [INFO] app: Before Request
2022-04-22 04:58:40,757 [INFO] app: After Request
2022-04-22 04:58:40,804 [INFO] app: Before Request
2022-04-22 04:58:40,911 [INFO] app: After Request
2022-04-22 04:58:47,078 [INFO] app: Before Request
2022-04-22 04:58:47,156 [INFO] app: After Request
2022-04-22 04:58:49,115 [INFO] app: Before Request
2022-04-22 04:58:49,175 [INFO] app: After Request
2022-04-22 04:58:52,004 [INFO] app: Before Request
2022-04-22 04:58:52,078 [INFO] app: After Request
2022-04-22 04:58:54,043 [INFO] app: Before Request
2022-04-22 04:58:54,102 [INFO] app: After Request
2022-04-22 04:58:54,146 [INFO] app: Before Request
2022-04-22 04:58:54,436 [INFO] app: After Request
2022-04-22 04:59:01,388 [INFO] app: Before Request
2022-04-22 04:59:01,549 [INFO] app: After Request
2022-04-22 04:59:01,572 [INFO] app: Before Request
2022-04-22 04:59:01,602 [INFO] app: After Request
2022-04-22 14:34:59,430 [INFO] flask_wtf.csrf: The CSRF token has expired.
2022-04-22 14:34:59,437 [INFO] app: After Request
2022-04-22 14:35:03,412 [INFO] flask_wtf.csrf: The CSRF token has expired.
2022-04-22 14:35:03,413 [INFO] app: After Request
2022-04-22 14:35:05,736 [INFO] app: Before Request
2022-04-22 14:35:05,965 [INFO] app: After Request
2022-04-22 14:35:08,379 [INFO] app: Before Request
2022-04-22 14:35:08,557 [INFO] app: After Request
2022-04-22 14:52:17,769 [INFO] app: Before Request
2022-04-22 14:52:18,040 [INFO] app: After Request
2022-04-22 15:14:54,272 [INFO] app: Before Request
2022-04-22 15:14:54,289 [INFO] app: After Request
2022-04-22 15:15:08,129 [INFO] app: Before Request
2022-04-22 15:15:08,316 [INFO] app: After Request
2022-04-22 15:15:31,179 [INFO] app: Before Request
2022-04-22 15:15:31,507 [INFO] app: After Request
2022-04-22 15:15:31,526 [INFO] app: Before Request
2022-04-22 15:15:31,707 [INFO] app: After Request
2022-04-22 15:15:39,799 [INFO] app: Before Request
2022-04-22 15:15:40,062 [INFO] app: After Request
2022-04-22 15:15:40,073 [INFO] app: Before Request
2022-04-22 15:15:40,329 [INFO] app: After Request
2022-04-22 15:15:51,285 [INFO] app: Before Request
2022-04-22 15:15:51,396 [INFO] app: After Request
2022-04-22 15:15:51,406 [INFO] app: Before Request
2022-04-22 15:15:51,423 [INFO] app: After Request
2022-04-24 13:22:23,704 [INFO] app: Before Request
2022-04-24 13:22:23,971 [INFO] app: After Request
2022-04-24 13:22:33,492 [INFO] app: Before Request
2022-04-24 13:22:33,690 [INFO] app: After Request
2022-04-24 13:22:33,698 [INFO] app: Before Request
2022-04-24 13:22:33,745 [INFO] app: After Request
2022-05-05 15:00:58,284 [INFO] app: Before Request
2022-05-05 15:00:58,473 [INFO] app: After Request
2022-05-05 15:00:58,916 [INFO] app: Before Request
2022-05-05 15:14:16,041 [INFO] app: Before Request
2022-05-05 15:14:16,227 [INFO] app: After Request
2022-05-05 15:19:12,913 [INFO] app: Before Request
2022-05-05 15:19:13,305 [INFO] app: After Request
2022-05-05 17:24:22,988 [INFO] app: Before Request
2022-05-05 17:24:23,145 [INFO] app: After Request
2022-05-05 17:24:25,804 [INFO] app: Before Request
2022-05-05 17:24:25,884 [INFO] app: After Request
2022-05-05 17:24:38,709 [INFO] app: Before Request
2022-05-05 17:40:26,783 [INFO] app: Before Request
2022-05-05 17:40:30,171 [INFO] app: Before Request
2022-05-05 17:40:30,384 [INFO] app: After Request
2022-05-05 17:44:58,142 [INFO] app: Before Request
2022-05-05 17:44:58,171 [INFO] app: After Request
2022-05-05 17:45:00,864 [INFO] app: Before Request
2022-05-05 17:45:00,887 [INFO] app: After Request
2022-05-05 17:45:31,807 [INFO] app: Before Request
2022-05-05 17:47:24,674 [INFO] app: Before Request
2022-05-05 17:47:24,880 [INFO] app: After Request
2022-05-05 17:51:32,462 [INFO] app: Before Request
2022-05-05 17:51:32,646 [INFO] app: After Request
2022-05-05 17:51:34,778 [INFO] app: Before Request
2022-05-05 17:51:34,803 [INFO] app: After Request
2022-05-05 17:51:44,437 [INFO] app: Before Request
2022-05-05 17:51:44,778 [INFO] app: After Request
2022-05-05 17:51:44,796 [INFO] app: Before Request
2022-05-05 17:51:44,839 [INFO] app: After Request
2022-05-05 17:51:52,209 [INFO] app: Before Request
2022-05-05 17:51:52,562 [INFO] app: After Request
2022-05-05 17:51:52,584 [INFO] app: Before Request
2022-05-05 17:51:52,664 [INFO] app: After Request
2022-05-05 17:52:19,162 [INFO] app: Before Request
2022-05-05 17:52:19,181 [INFO] app: Browse page loading
2022-05-05 17:52:19,356 [INFO] app: After Request
2022-05-05 17:52:19,586 [INFO] app: Before Request
2022-05-05 17:52:20,613 [INFO] app: Before Request
2022-05-05 17:52:20,632 [INFO] app: After Request
2022-05-05 17:52:21,449 [INFO] app: Before Request
2022-05-05 17:52:21,523 [INFO] app: After Request
2022-05-05 17:52:22,678 [INFO] app: Before Request
2022-05-05 17:52:22,701 [INFO] app: After Request
2022-05-05 17:57:01,062 [INFO] app: Before Request
2022-05-05 18:08:18,192 [INFO] app: Before Request
2022-05-05 18:08:18,859 [INFO] app: After Request
2022-05-05 18:08:30,912 [INFO] app: Before Request
2022-05-05 18:08:31,016 [INFO] app: After Request
2022-05-05 18:08:32,783 [INFO] app: Before Request
2022-05-05 18:09:12,454 [INFO] app: Before Request
2022-05-05 18:09:12,833 [INFO] app: After Request
2022-05-05 18:09:58,567 [INFO] app: Before Request
2022-05-05 18:11:34,001 [INFO] app: Before Request
2022-05-05 18:11:40,101 [INFO] app: Before Request
2022-05-05 18:11:40,259 [INFO] app: After Request
2022-05-05 18:11:42,221 [INFO] app: Before Request
2022-05-05 18:11:42,258 [INFO] app: After Request
2022-05-05 18:11:47,075 [INFO] app: Before Request
2022-05-05 18:12:57,585 [INFO] app: Before Request
2022-05-05 18:12:57,788 [INFO] app: After Request
2022-05-05 18:13:00,150 [INFO] app: Before Request
2022-05-05 18:13:00,256 [INFO] app: After Request
2022-05-05 18:13:03,754 [INFO] app: Before Request
2022-05-05 18:13:33,269 [INFO] app: Before Request
2022-05-05 18:13:33,291 [INFO] app: After Request
2022-05-05 18:13:34,801 [INFO] app: Before Request
2022-05-05 18:13:34,820 [INFO] app: After Request
2022-05-05 18:13:39,538 [INFO] app: Before Request
2022-05-05 18:32:03,918 [INFO] app: Before Request
2022-05-05 18:32:04,178 [INFO] app: After Request
2022-05-05 18:32:06,873 [INFO] app: Before Request
2022-05-05 18:32:06,974 [INFO] app: After Request
2022-05-05 18:32:12,811 [INFO] app: Before Request
2022-05-05 18:35:38,697 [INFO] app: Before Request
2022-05-05 18:35:38,917 [INFO] app: After Request
2022-05-05 18:35:41,828 [INFO] app: Before Request
2022-05-05 18:35:41,876 [INFO] app: After Request
2022-05-05 18:35:45,931 [INFO] app: Before Request
2022-05-05 18:44:00,989 [INFO] app: Before Request
2022-05-05 18:44:01,146 [INFO] app: After Request
2022-05-05 18:44:05,818 [INFO] app: Before Request
2022-05-05 18:44:06,174 [INFO] app: After Request
2022-05-05 18:44:08,001 [INFO] app: Before Request
2022-05-05 18:44:08,107 [INFO] app: After Request
2022-05-05 18:44:12,978 [INFO] app: Before Request
2022-05-05 18:45:31,244 [INFO] app: Before Request
2022-05-05 18:45:34,667 [INFO] app: Before Request
2022-05-05 18:45:35,028 [INFO] app: After Request
2022-05-05 18:45:40,492 [INFO] app: Before Request
2022-05-05 18:51:24,917 [INFO] app: Before Request
2022-05-05 18:51:25,160 [INFO] app: After Request
2022-05-05 18:51:30,888 [INFO] app: Before Request
2022-05-05 18:51:30,934 [INFO] app: After Request
2022-05-05 18:51:37,855 [INFO] app: Before Request
2022-05-05 18:57:28,905 [INFO] app: Before Request
2022-05-05 18:57:29,098 [INFO] app: After Request
2022-05-05 18:57:32,020 [INFO] app: Before Request
2022-05-05 18:57:32,048 [INFO] app: After Request
2022-05-05 18:57:38,270 [INFO] app: Before Request
2022-05-05 19:01:48,418 [INFO] app: Before Request
2022-05-05 19:01:48,588 [INFO] app: After Request
2022-05-05 19:01:51,453 [INFO] app: Before Request
2022-05-05 19:01:51,486 [INFO] app: After Request
2022-05-05 19:01:56,382 [INFO] app: Before Request
2022-05-05 19:05:05,891 [INFO] app: Before Request
2022-05-05 19:05:06,059 [INFO] app: After Request
2022-05-05 19:05:12,676 [INFO] app: Before Request
2022-05-05 19:05:12,704 [INFO] app: After Request
2022-05-05 19:05:15,236 [INFO] app: Before Request
2022-05-05 19:05:15,259 [INFO] app: After Request
2022-05-05 19:05:17,256 [INFO] app: Before Request
2022-05-05 19:05:17,352 [INFO] app: After Request
2022-05-05 19:06:14,903 [INFO] app: Before Request
2022-05-05 19:06:15,063 [INFO] app: After Request
2022-05-05 19:06:21,295 [INFO] app: Before Request
2022-05-05 19:06:21,328 [INFO] csvupload: CSV file uploaded
2022-05-05 19:09:21,795 [INFO] app: Before Request
2022-05-05 19:09:21,964 [INFO] app: After Request
2022-05-05 19:09:24,801 [INFO] app: Before Request
2022-05-05 19:09:24,831 [INFO] app: After Request
2022-05-05 19:09:30,684 [INFO] app: Before Request
2022-05-05 19:09:30,710 [INFO] csvupload: CSV file uploaded
2022-05-05 19:32:46,347 [INFO] app: Before Request
2022-05-05 19:32:46,501 [INFO] app: After Request
2022-05-05 19:32:52,184 [INFO] app: Before Request
2022-05-05 19:32:52,209 [INFO] app: After Request
2022-05-05 19:32:56,278 [INFO] app: Before Request
2022-05-05 19:32:56,307 [INFO] csvupload: CSV file uploaded
2022-05-05 19:34:03,974 [INFO] app: Before Request
2022-05-05 19:34:04,211 [INFO] app: After Request
2022-05-05 19:34:06,298 [INFO] app: Before Request
2022-05-05 19:34:06,331 [INFO] app: After Request
2022-05-05 19:34:06,338 [INFO] app: Before Request
2022-05-05 19:34:06,355 [INFO] app: After Request
2022-05-05 19:34:08,120 [INFO] app: Before Request
2022-05-05 19:34:08,135 [INFO] app: After Request
2022-05-05 19:34:57,353 [INFO] app: Before Request
2022-05-05 19:34:57,521 [INFO] app: After Request
2022-05-05 19:34:57,529 [INFO] app: Before Request
2022-05-05 19:34:57,534 [INFO] app: After Request
2022-05-05 19:35:02,735 [INFO] app: Before Request
2022-05-05 19:35:02,906 [INFO] app: After Request
2022-05-05 19:35:02,913 [INFO] app: Before Request
2022-05-05 19:35:02,932 [INFO] app: After Request
2022-05-05 19:46:24,957 [INFO] app: Before Request
2022-05-05 19:46:25,189 [INFO] app: After Request
2022-05-05 19:46:26,825 [INFO] app: Before Request
2022-05-05 19:46:26,853 [INFO] app: After Request
2022-05-05 19:48:41,343 [INFO] app: Before Request
2022-05-05 19:48:42,416 [INFO] app: After Request
2022-05-05 19:48:44,681 [INFO] app: Before Request
2022-05-05 19:48:44,723 [INFO] app: After Request
2022-05-05 19:48:49,080 [INFO] app: Before Request
2022-05-05 19:52:13,077 [INFO] app: Before Request
2022-05-05 19:52:13,380 [INFO] app: After Request
2022-05-05 19:52:14,981 [INFO] app: Before Request
2022-05-05 19:52:15,022 [INFO] app: After Request
2022-05-05 19:52:18,905 [INFO] app: Before Request
2022-05-05 19:52:50,661 [INFO] app: Before Request
2022-05-05 19:52:50,830 [INFO] app: After Request
2022-05-05 19:52:52,246 [INFO] app: Before Request
2022-05-05 19:52:52,275 [INFO] app: After Request
2022-05-05 19:52:55,502 [INFO] app: Before Request
2022-05-05 19:53:57,625 [INFO] app: Before Request
2022-05-05 19:53:57,654 [INFO] csvupload: CSV file uploaded
2022-05-05 19:54:02,589 [INFO] app: Before Request
2022-05-05 19:54:02,605 [INFO] app: After Request
2022-05-05 19:54:04,805 [INFO] app: Before Request
2022-05-05 19:54:04,900 [INFO] app: After Request
2022-05-05 19:54:05,736 [INFO] app: Before Request
2022-05-05 19:54:05,755 [INFO] app: After Request
2022-05-05 19:54:09,368 [INFO] app: Before Request
2022-05-05 19:54:09,392 [INFO] csvupload: CSV file uploaded
2022-05-05 19:56:46,951 [INFO] app: Before Request
2022-05-05 19:56:46,990 [INFO] csvupload: CSV file uploaded
2022-05-05 19:56:52,047 [INFO] app: Before Request
2022-05-05 19:56:52,194 [INFO] app: After Request
2022-05-05 19:56:55,030 [INFO] app: Before Request
2022-05-05 19:56:55,060 [INFO] app: After Request
2022-05-05 19:56:58,663 [INFO] app: Before Request
2022-05-05 19:56:58,691 [INFO] csvupload: CSV file uploaded
2022-05-05 20:02:01,481 [INFO] app: Before Request
2022-05-05 20:02:01,644 [INFO] app: After Request
2022-05-05 20:02:04,275 [INFO] app: Before Request
2022-05-05 20:02:04,299 [INFO] app: After Request
2022-05-05 20:02:08,140 [INFO] app: Before Request
2022-05-05 20:02:08,173 [INFO] csvupload: CSV file uploaded
2022-05-05 23:05:40,433 [INFO] app: Before Request
2022-05-05 23:05:40,778 [INFO] app: After Request
2022-05-05 23:05:41,612 [INFO] app: Before Request
2022-05-05 23:05:43,656 [INFO] app: Before Request
2022-05-05 23:05:43,728 [INFO] app: After Request
2022-05-05 23:11:21,883 [INFO] app: Before Request
2022-05-05 23:11:22,159 [INFO] app: After Request
2022-05-05 23:11:24,843 [INFO] app: Before Request
2022-05-05 23:11:24,864 [INFO] app: After Request
2022-05-05 23:11:37,008 [INFO] app: Before Request
2022-05-05 23:12:37,943 [INFO] app: Before Request
2022-05-05 23:12:38,165 [INFO] app: After Request
2022-05-05 23:12:41,224 [INFO] app: Before Request
2022-05-05 23:12:41,251 [INFO] app: After Request
2022-05-05 23:12:49,813 [INFO] app: Before Request
2022-05-06 21:13:33,570 [INFO] app: Before Request
2022-05-06 21:13:33,767 [INFO] app: After Request
2022-05-06 21:13:34,084 [INFO] app: Before Request
2022-05-06 21:18:24,686 [INFO] app: Before Request
2022-05-06 21:18:24,943 [INFO] app: After Request
2022-05-06 21:18:35,380 [INFO] app: Before Request
2022-05-06 21:26:02,347 [INFO] app: Before Request
2022-05-06 21:26:02,593 [INFO] app: After Request
2022-05-06 21:26:05,082 [INFO] app: Before Request
2022-05-06 21:26:05,107 [INFO] app: After Request
2022-05-06 21:26:12,036 [INFO] app: Before Request
2022-05-06 21:43:40,356 [INFO] app: Before Request
2022-05-06 21:43:40,525 [INFO] app: After Request
2022-05-06 21:43:42,453 [INFO] app: Before Request
2022-05-06 21:43:42,480 [INFO] app: After Request
2022-05-06 21:43:51,884 [INFO] app: Before Request
2022-05-06 21:43:52,135 [INFO] app: After Request
2022-05-06 21:43:52,142 [INFO] app: Before Request
2022-05-06 21:43:52,164 [INFO] app: After Request
2022-05-06 21:43:58,244 [INFO] app: Before Request
2022-05-06 21:43:58,588 [INFO] app: After Request
2022-05-06 21:43:58,600 [INFO] app: Before Request
2022-05-06 21:43:58,629 [INFO] app: After Request
2022-05-06 21:44:59,816 [INFO] app: Before Request
2022-05-06 21:44:59,949 [INFO] app: After Request
2022-05-06 21:45:06,612 [INFO] app: Before Request
2022-05-06 21:45:06,723 [INFO] csvupload: CSV file uploaded
2022-05-06 21:50:17,647 [INFO] app: Before Request
2022-05-06 21:50:17,822 [INFO] app: After Request
2022-05-06 21:50:20,567 [INFO] app: Before Request
2022-05-06 21:50:20,644 [INFO] app: After Request
2022-05-06 21:50:32,596 [INFO] app: Before Request
2022-05-06 21:50:32,891 [INFO] app: After Request
2022-05-06 21:50:32,902 [INFO] app: Before Request
2022-05-06 21:50:32,940 [INFO] app: After Request
2022-05-06 21:50:35,996 [INFO] app: Before Request
2022-05-06 21:50:36,016 [INFO] app: After Request
2022-05-06 21:50:36,029 [INFO] app: Before Request
2022-05-06 21:50:36,070 [INFO] app: After Request
2022-05-06 21:50:37,798 [INFO] app: Before Request
2022-05-06 21:50:37,971 [INFO] app: After Request
2022-05-06 21:50:38,958 [INFO] app: Before Request
2022-05-06 21:50:39,033 [INFO] app: After Request
2022-05-06 21:50:44,467 [INFO] app: Before Request
2022-05-06 21:50:44,499 [INFO] csvupload: CSV file uploaded
2022-05-06 21:52:09,984 [INFO] app: Before Request
2022-05-06 21:52:10,015 [INFO] csvupload: CSV file uploaded
2022-05-06 22:00:39,335 [INFO] app: Before Request
2022-05-06 22:00:39,528 [INFO] app: After Request
2022-05-07 16:31:32,547 [INFO] app: Before Request
2022-05-07 16:31:32,571 [INFO] app: After Request
2022-05-07 16:31:36,676 [INFO] app: Before Request
2022-05-07 16:32:49,263 [INFO] app: Before Request
2022-05-07 16:32:49,278 [INFO] app: After Request
2022-05-07 16:32:52,831 [INFO] app: Before Request
2022-05-07 16:32:52,858 [INFO] csvupload: CSV file uploaded
2022-05-07 16:40:50,567 [INFO] app: Before Request
2022-05-07 16:40:50,636 [INFO] csvupload: CSV file uploaded
2022-05-07 16:40:59,589 [INFO] app: Before Request
2022-05-07 16:40:59,619 [INFO] csvupload: CSV file uploaded
2022-05-07 16:54:31,901 [INFO] app: Before Request
2022-05-07 16:54:32,121 [INFO] csvupload: CSV file uploaded
2022-05-07 16:58:11,254 [INFO] app: Before Request
2022-05-07 16:58:12,289 [INFO] app: After Request
2022-05-07 16:58:17,517 [INFO] app: Before Request
2022-05-07 16:58:17,563 [INFO] app: After Request
2022-05-07 16:58:22,918 [INFO] app: Before Request
2022-05-07 16:58:22,949 [INFO] csvupload: CSV file uploaded
2022-05-07 17:05:01,264 [INFO] app: Before Request
2022-05-07 17:05:01,428 [INFO] app: After Request
2022-05-07 17:05:03,446 [INFO] app: Before Request
2022-05-07 17:05:03,511 [INFO] app: After Request
2022-05-07 17:05:09,238 [INFO] app: Before Request
2022-05-07 17:05:09,351 [INFO] csvupload: CSV file uploaded
2022-05-07 17:05:37,037 [INFO] app: Before Request
2022-05-07 17:05:37,266 [INFO] app: After Request
2022-05-07 17:05:38,697 [INFO] app: Before Request
2022-05-07 17:05:38,719 [INFO] app: After Request
2022-05-07 17:05:44,304 [INFO] app: Before Request
2022-05-07 17:05:44,351 [INFO] csvupload: CSV file uploaded
2022-05-07 17:09:44,758 [INFO] app: Before Request
2022-05-07 17:09:44,808 [INFO] csvupload: CSV file uploaded
2022-05-07 17:25:32,939 [INFO] app: Before Request
2022-05-07 17:25:33,112 [INFO] app: After Request
2022-05-07 17:25:35,754 [INFO] app: Before Request
2022-05-07 17:25:35,775 [INFO] app: After Request
2022-05-07 17:25:39,362 [INFO] app: Before Request
2022-05-07 17:25:39,389 [INFO] csvupload: CSV file uploaded
2022-05-07 17:28:29,495 [INFO] app: Before Request
2022-05-07 17:28:29,656 [INFO] app: After Request
2022-05-07 17:28:32,067 [INFO] app: Before Request
2022-05-07 17:28:32,090 [INFO] app: After Request
2022-05-07 17:28:37,575 [INFO] app: Before Request
2022-05-07 17:28:37,602 [INFO] csvupload: CSV file uploaded
2022-05-07 17:37:15,413 [INFO] app: Before Request
2022-05-07 17:37:15,588 [INFO] app: After Request
2022-05-07 17:37:19,686 [INFO] app: Before Request
2022-05-07 17:37:19,729 [INFO] app: After Request
2022-05-07 17:37:26,945 [INFO] app: Before Request
2022-05-07 17:37:27,128 [INFO] app: After Request
2022-05-07 17:37:27,142 [INFO] app: Before Request
2022-05-07 17:37:27,167 [INFO] app: After Request
2022-05-07 17:37:31,991 [INFO] app: Before Request
2022-05-07 17:37:32,005 [INFO] app: After Request
2022-05-07 17:37:32,012 [INFO] app: Before Request
2022-05-07 17:37:32,037 [INFO] app: After Request
2022-05-07 17:37:34,419 [INFO] app: Before Request
2022-05-07 17:37:34,440 [INFO] app: After Request
2022-05-07 17:37:38,106 [INFO] app: Before Request
2022-05-07 17:37:38,133 [INFO] csvupload: CSV file uploaded
2022-05-07 17:45:14,644 [INFO] app: Before Request
2022-05-07 17:45:14,800 [INFO] app: After Request
2022-05-07 17:45:17,305 [INFO] app: Before Request
2022-05-07 17:45:17,334 [INFO] app: After Request
2022-05-07 17:45:20,869 [INFO] app: Before Request
2022-05-07 17:45:20,895 [INFO] csvupload: CSV file uploaded
2022-05-07 17:51:59,651 [INFO] app: Before Request
2022-05-07 17:52:00,212 [INFO] app: After Request
2022-05-07 17:52:00,315 [INFO] app: Before Request
2022-05-07 17:52:00,319 [INFO] app: After Request
2022-05-07 17:52:00,324 [INFO] app: Before Request
2022-05-07 17:52:00,757 [INFO] app: After Request
2022-05-07 17:52:00,766 [INFO] app: Before Request
2022-05-07 17:52:00,812 [INFO] app: After Request
2022-05-07 17:52:27,758 [INFO] app: Before Request
2022-05-07 17:52:28,736 [INFO] app: After Request
2022-05-07 17:52:28,886 [INFO] app: Before Request
2022-05-07 17:52:28,893 [INFO] app: After Request
2022-05-07 17:52:28,901 [INFO] app: Before Request
2022-05-07 17:52:29,607 [INFO] app: After Request
2022-05-07 17:52:29,620 [INFO] app: Before Request
2022-05-07 17:52:29,675 [INFO] app: After Request
2022-05-07 17:57:35,434 [INFO] app: Before Request
2022-05-07 17:57:36,181 [INFO] app: After Request
2022-05-07 17:57:39,094 [INFO] app: Before Request
2022-05-07 17:57:39,152 [INFO] app: After Request
2022-05-07 17:57:43,979 [INFO] app: Before Request
2022-05-07 17:57:44,018 [INFO] csvupload: CSV file uploaded
2022-05-07 17:59:34,326 [INFO] app: Before Request
2022-05-07 17:59:34,486 [INFO] app: After Request
2022-05-07 17:59:37,562 [INFO] app: Before Request
2022-05-07 17:59:37,582 [INFO] app: After Request
2022-05-07 17:59:41,071 [INFO] app: Before Request
2022-05-07 17:59:41,099 [INFO] csvupload: CSV file uploaded
2022-05-07 17:59:41,115 [INFO] csvupload: CSV file uploaded
2022-05-07 17:59:53,999 [INFO] app: Before Request
2022-05-07 17:59:54,155 [INFO] app: After Request
2022-05-07 17:59:56,241 [INFO] app: Before Request
2022-05-07 17:59:56,265 [INFO] app: After Request
2022-05-07 17:59:59,821 [INFO] app: Before Request
2022-05-07 17:59:59,844 [INFO] csvupload: CSV file uploaded
2022-05-07 17:59:59,854 [INFO] app: After Request
2022-05-07 17:59:59,866 [INFO] app: Before Request
2022-05-07 17:59:59,961 [INFO] app: After Request
2022-05-07 18:00:53,251 [INFO] app: Before Request
2022-05-07 18:00:53,408 [INFO] app: After Request
2022-05-07 18:00:55,811 [INFO] app: Before Request
2022-05-07 18:00:55,833 [INFO] app: After Request
2022-05-07 18:00:58,891 [INFO] app: Before Request
2022-05-07 18:00:58,915 [INFO] csvupload: CSV file uploaded
2022-05-07 18:00:58,926 [INFO] app: After Request
2022-05-07 18:00:58,931 [INFO] app: Before Request
2022-05-07 18:00:59,014 [INFO] app: After Request
2022-05-07 18:04:13,417 [INFO] app: Before Request
2022-05-07 18:04:13,435 [INFO] app: After Request
2022-05-07 18:04:14,241 [INFO] app: Before Request
2022-05-07 18:04:14,271 [INFO] app: Browse page loading
2022-05-07 18:04:14,300 [INFO] app: After Request
2022-05-07 18:04:14,417 [INFO] app: Before Request
2022-05-07 18:04:15,611 [INFO] app: Before Request
2022-05-07 18:04:15,632 [INFO] app: After Request
2022-05-07 18:04:16,848 [INFO] app: Before Request
2022-05-07 18:04:16,867 [INFO] app: After Request
2022-05-07 18:04:18,191 [INFO] app: Before Request
2022-05-07 18:04:18,210 [INFO] app: After Request
2022-05-07 18:04:20,756 [INFO] app: Before Request
2022-05-07 18:04:20,782 [INFO] app: After Request
2022-05-07 18:04:21,852 [INFO] app: Before Request
2022-05-07 18:04:21,874 [INFO] app: After Request
2022-05-07 18:04:24,687 [INFO] app: Before Request
2022-05-07 18:04:24,704 [INFO] app: After Request
2022-05-07 18:04:25,379 [INFO] app: Before Request
2022-05-07 18:04:25,405 [INFO] app: After Request
2022-05-07 18:06:18,981 [INFO] app: Before Request
2022-05-07 18:06:19,130 [INFO] app: After Request
2022-05-07 18:06:23,162 [INFO] app: Before Request
2022-05-07 18:06:23,192 [INFO] csvupload: CSV file uploaded
2022-05-07 18:06:23,204 [INFO] app: After Request
2022-05-07 18:06:23,210 [INFO] app: Before Request
2022-05-07 18:06:23,289 [INFO] app: After Request
2022-05-07 18:11:57,523 [INFO] app: Before Request
2022-05-07 18:11:57,703 [INFO] app: After Request
2022-05-07 18:11:59,631 [INFO] app: Before Request
2022-05-07 18:11:59,656 [INFO] app: After Request
2022-05-07 18:12:03,707 [INFO] app: Before Request
2022-05-07 18:12:03,732 [INFO] csvupload: CSV file uploaded
2022-05-07 18:12:03,756 [INFO] csvupload: CSV file uploaded
