2022-05-11 17:31:40,177 [INFO] app: Before Request
2022-05-11 17:31:40,643 [INFO] app: After Request
2022-05-11 17:31:40,744 [INFO] app: Before Request
2022-05-11 17:31:40,747 [INFO] app: After Request
2022-05-11 17:31:40,751 [INFO] app: Before Request
2022-05-11 17:31:41,202 [INFO] app: After Request
2022-05-11 17:31:41,207 [INFO] app: Before Request
2022-05-11 17:31:41,236 [INFO] app: After Request
2022-05-11 17:31:42,328 [INFO] app: Before Request
2022-05-11 17:31:42,950 [INFO] app: After Request
2022-05-11 17:31:43,041 [INFO] app: Before Request
2022-05-11 17:31:43,464 [INFO] app: After Request
2022-05-11 17:31:43,564 [INFO] app: Before Request
2022-05-11 17:31:43,972 [INFO] app: After Request
2022-05-11 17:31:44,070 [INFO] app: Before Request
2022-05-11 17:31:44,387 [INFO] app: After Request
2022-05-11 17:31:44,498 [INFO] app: Before Request
2022-05-11 17:31:45,093 [INFO] app: After Request
2022-05-11 17:31:45,306 [INFO] app: Before Request
2022-05-11 17:31:45,832 [INFO] app: After Request
2022-05-11 17:31:45,947 [INFO] app: Before Request
2022-05-11 17:31:46,329 [INFO] app: After Request
2022-05-11 17:31:46,456 [INFO] app: Before Request
2022-05-11 17:31:46,893 [INFO] app: After Request
2022-05-11 17:35:24,166 [INFO] app: Before Request
2022-05-11 17:35:24,297 [INFO] app: After Request
2022-05-11 17:35:24,393 [INFO] app: Before Request
2022-05-11 17:35:24,396 [INFO] app: After Request
2022-05-11 17:35:24,401 [INFO] app: Before Request
2022-05-11 17:35:24,711 [INFO] app: After Request
2022-05-11 17:35:24,716 [INFO] app: Before Request
2022-05-11 17:35:24,768 [INFO] app: After Request
2022-05-11 17:35:25,535 [INFO] app: Before Request
2022-05-11 17:35:25,737 [INFO] app: After Request
2022-05-11 17:35:25,831 [INFO] app: Before Request
2022-05-11 17:35:26,085 [INFO] app: After Request
2022-05-11 17:35:26,178 [INFO] app: Before Request
2022-05-11 17:35:26,410 [INFO] app: After Request
2022-05-11 17:35:26,495 [INFO] app: Before Request
2022-05-11 17:35:26,746 [INFO] app: After Request
2022-05-11 17:35:26,808 [INFO] app: Before Request
2022-05-11 17:35:26,956 [INFO] app: After Request
2022-05-11 17:35:27,088 [INFO] app: Before Request
2022-05-11 17:35:27,276 [INFO] app: After Request
2022-05-11 17:35:27,334 [INFO] app: Before Request
2022-05-11 17:35:27,458 [INFO] app: After Request
2022-05-11 17:35:27,503 [INFO] app: Before Request
2022-05-11 17:35:27,626 [INFO] app: After Request
2022-05-11 17:40:12,416 [INFO] app: Before Request
2022-05-11 17:40:12,612 [INFO] app: After Request
2022-05-11 17:40:12,664 [INFO] app: Before Request
2022-05-11 17:40:12,665 [INFO] app: After Request
2022-05-11 17:40:12,667 [INFO] app: Before Request
2022-05-11 17:40:12,930 [INFO] app: After Request
2022-05-11 17:40:12,935 [INFO] app: Before Request
2022-05-11 17:40:12,969 [INFO] app: After Request
2022-05-11 17:40:13,736 [INFO] app: Before Request
2022-05-11 17:40:13,869 [INFO] app: After Request
2022-05-11 17:40:13,917 [INFO] app: Before Request
2022-05-11 17:40:14,110 [INFO] app: After Request
2022-05-11 17:40:14,188 [INFO] app: Before Request
2022-05-11 17:40:14,331 [INFO] app: After Request
2022-05-11 17:40:14,435 [INFO] app: Before Request
2022-05-11 17:40:14,643 [INFO] app: After Request
2022-05-11 17:40:14,701 [INFO] app: Before Request
2022-05-11 17:40:14,875 [INFO] app: After Request
2022-05-11 17:40:14,961 [INFO] app: Before Request
2022-05-11 17:40:15,253 [INFO] app: After Request
2022-05-11 17:40:15,412 [INFO] app: Before Request
2022-05-11 17:40:15,660 [INFO] app: After Request
2022-05-11 17:40:15,717 [INFO] app: Before Request
2022-05-11 17:40:15,850 [INFO] app: After Request
2022-05-11 17:40:36,551 [INFO] app: Before Request
2022-05-11 17:40:36,700 [INFO] app: After Request
2022-05-11 17:40:36,746 [INFO] app: Before Request
2022-05-11 17:40:36,747 [INFO] app: After Request
2022-05-11 17:40:36,749 [INFO] app: Before Request
2022-05-11 17:40:37,023 [INFO] app: After Request
2022-05-11 17:40:37,029 [INFO] app: Before Request
2022-05-11 17:40:37,083 [INFO] app: After Request
2022-05-11 17:40:37,449 [INFO] app: Before Request
2022-05-11 17:40:37,583 [INFO] app: After Request
2022-05-11 17:40:37,664 [INFO] app: Before Request
2022-05-11 17:40:37,846 [INFO] app: After Request
2022-05-11 17:40:37,925 [INFO] app: Before Request
2022-05-11 17:40:38,114 [INFO] app: After Request
2022-05-11 17:40:38,165 [INFO] app: Before Request
2022-05-11 17:40:38,429 [INFO] app: After Request
2022-05-11 17:40:38,496 [INFO] app: Before Request
2022-05-11 17:40:38,683 [INFO] app: After Request
2022-05-11 17:40:38,758 [INFO] app: Before Request
2022-05-11 17:40:39,021 [INFO] app: After Request
2022-05-11 17:40:39,095 [INFO] app: Before Request
2022-05-11 17:40:39,230 [INFO] app: After Request
2022-05-11 17:40:39,287 [INFO] app: Before Request
2022-05-11 17:40:39,427 [INFO] app: After Request
2022-05-11 17:42:11,719 [INFO] app: Before Request
2022-05-11 17:42:11,979 [INFO] app: After Request
2022-05-11 17:42:12,071 [INFO] app: Before Request
2022-05-11 17:42:12,074 [INFO] app: After Request
2022-05-11 17:42:12,079 [INFO] app: Before Request
2022-05-11 17:42:12,385 [INFO] app: After Request
2022-05-11 17:42:12,390 [INFO] app: Before Request
2022-05-11 17:42:12,436 [INFO] app: After Request
2022-05-11 17:42:13,151 [INFO] app: Before Request
2022-05-11 17:42:13,377 [INFO] app: After Request
2022-05-11 17:42:13,422 [INFO] app: Before Request
2022-05-11 17:42:13,557 [INFO] app: After Request
2022-05-11 17:42:13,610 [INFO] app: Before Request
2022-05-11 17:42:13,781 [INFO] app: After Request
2022-05-11 17:42:13,832 [INFO] app: Before Request
2022-05-11 17:42:14,003 [INFO] app: After Request
2022-05-11 17:42:14,163 [INFO] app: Before Request
2022-05-11 17:42:14,461 [INFO] app: After Request
2022-05-11 17:42:14,626 [INFO] app: Before Request
2022-05-11 17:42:14,906 [INFO] app: After Request
2022-05-11 17:42:15,035 [INFO] app: Before Request
2022-05-11 17:42:15,217 [INFO] app: After Request
2022-05-11 17:42:15,291 [INFO] app: Before Request
2022-05-11 17:42:15,423 [INFO] app: After Request
2022-05-11 17:44:38,642 [INFO] app: Before Request
2022-05-11 17:44:38,814 [INFO] app: After Request
2022-05-11 17:44:38,941 [INFO] app: Before Request
2022-05-11 17:44:38,943 [INFO] app: After Request
2022-05-11 17:44:38,949 [INFO] app: Before Request
2022-05-11 17:44:39,257 [INFO] app: After Request
2022-05-11 17:44:39,262 [INFO] app: Before Request
2022-05-11 17:44:39,314 [INFO] app: After Request
2022-05-11 17:44:39,709 [INFO] app: Before Request
2022-05-11 17:44:39,896 [INFO] app: After Request
2022-05-11 17:44:40,007 [INFO] app: Before Request
2022-05-11 17:44:40,241 [INFO] app: After Request
2022-05-11 17:44:40,284 [INFO] app: Before Request
2022-05-11 17:44:40,406 [INFO] app: After Request
2022-05-11 17:44:40,479 [INFO] app: Before Request
2022-05-11 17:44:40,767 [INFO] app: After Request
2022-05-11 17:44:40,908 [INFO] app: Before Request
2022-05-11 17:44:41,132 [INFO] app: After Request
2022-05-11 17:44:41,177 [INFO] app: Before Request
2022-05-11 17:44:41,369 [INFO] app: After Request
2022-05-11 17:44:41,485 [INFO] app: Before Request
2022-05-11 17:44:41,679 [INFO] app: After Request
2022-05-11 17:44:41,729 [INFO] app: Before Request
2022-05-11 17:44:41,864 [INFO] app: After Request
2022-05-11 17:45:35,052 [INFO] app: Before Request
2022-05-11 17:45:35,291 [INFO] app: After Request
2022-05-11 17:45:35,410 [INFO] app: Before Request
2022-05-11 17:45:35,413 [INFO] app: After Request
2022-05-11 17:45:35,419 [INFO] app: Before Request
2022-05-11 17:45:35,694 [INFO] app: After Request
2022-05-11 17:45:35,697 [INFO] app: Before Request
2022-05-11 17:45:35,713 [INFO] app: After Request
2022-05-11 17:45:36,035 [INFO] app: Before Request
2022-05-11 17:45:36,336 [INFO] app: After Request
2022-05-11 17:45:36,382 [INFO] app: Before Request
2022-05-11 17:45:36,533 [INFO] app: After Request
2022-05-11 17:45:36,660 [INFO] app: Before Request
2022-05-11 17:45:36,803 [INFO] app: After Request
2022-05-11 17:45:36,914 [INFO] app: Before Request
2022-05-11 17:45:37,194 [INFO] app: After Request
2022-05-11 17:45:37,356 [INFO] app: Before Request
2022-05-11 17:45:37,668 [INFO] app: After Request
2022-05-11 17:45:37,722 [INFO] app: Before Request
2022-05-11 17:45:37,984 [INFO] app: After Request
2022-05-11 17:45:38,128 [INFO] app: Before Request
2022-05-11 17:45:38,407 [INFO] app: After Request
2022-05-11 17:45:38,509 [INFO] app: Before Request
2022-05-11 17:45:38,721 [INFO] app: After Request
2022-05-11 17:49:25,597 [INFO] app: Before Request
2022-05-11 17:49:25,905 [INFO] app: After Request
2022-05-11 17:49:26,028 [INFO] app: Before Request
2022-05-11 17:49:26,031 [INFO] app: After Request
2022-05-11 17:49:26,036 [INFO] app: Before Request
2022-05-11 17:49:26,363 [INFO] app: After Request
2022-05-11 17:49:26,366 [INFO] app: Before Request
2022-05-11 17:49:26,401 [INFO] app: After Request
2022-05-11 17:49:26,661 [INFO] app: Before Request
2022-05-11 17:49:26,829 [INFO] app: After Request
2022-05-11 17:49:26,919 [INFO] app: Before Request
2022-05-11 17:49:27,121 [INFO] app: After Request
2022-05-11 17:49:27,224 [INFO] app: Before Request
2022-05-11 17:49:27,464 [INFO] app: After Request
2022-05-11 17:49:27,525 [INFO] app: Before Request
2022-05-11 17:49:27,669 [INFO] app: After Request
2022-05-11 17:49:27,719 [INFO] app: Before Request
2022-05-11 17:49:27,839 [INFO] app: After Request
2022-05-11 17:49:27,932 [INFO] app: Before Request
2022-05-11 17:49:28,167 [INFO] app: After Request
2022-05-11 17:49:28,230 [INFO] app: Before Request
2022-05-11 17:49:28,486 [INFO] app: After Request
2022-05-11 17:49:28,579 [INFO] app: Before Request
2022-05-11 17:49:28,806 [INFO] app: After Request
2022-05-11 17:51:03,027 [INFO] app: Before Request
2022-05-11 17:51:03,322 [INFO] app: After Request
2022-05-11 17:51:03,410 [INFO] app: Before Request
2022-05-11 17:51:03,412 [INFO] app: After Request
2022-05-11 17:51:03,417 [INFO] app: Before Request
2022-05-11 17:51:03,681 [INFO] app: After Request
2022-05-11 17:51:03,684 [INFO] app: Before Request
2022-05-11 17:51:03,725 [INFO] app: After Request
2022-05-11 17:51:03,996 [INFO] app: Before Request
2022-05-11 17:51:04,220 [INFO] app: After Request
2022-05-11 17:51:04,335 [INFO] app: Before Request
2022-05-11 17:51:04,552 [INFO] app: After Request
2022-05-11 17:51:04,601 [INFO] app: Before Request
2022-05-11 17:51:04,783 [INFO] app: After Request
2022-05-11 17:51:04,828 [INFO] app: Before Request
2022-05-11 17:51:05,024 [INFO] app: After Request
2022-05-11 17:51:05,075 [INFO] app: Before Request
2022-05-11 17:51:05,195 [INFO] app: After Request
2022-05-11 17:51:05,244 [INFO] app: Before Request
2022-05-11 17:51:05,401 [INFO] app: After Request
2022-05-11 17:51:05,506 [INFO] app: Before Request
2022-05-11 17:51:05,763 [INFO] app: After Request
2022-05-11 17:51:05,917 [INFO] app: Before Request
2022-05-11 17:51:06,156 [INFO] app: After Request
2022-05-11 17:51:38,154 [INFO] app: Before Request
2022-05-11 17:51:38,307 [INFO] app: After Request
2022-05-11 17:51:38,359 [INFO] app: Before Request
2022-05-11 17:51:38,360 [INFO] app: After Request
2022-05-11 17:51:38,362 [INFO] app: Before Request
2022-05-11 17:51:38,570 [INFO] app: After Request
2022-05-11 17:51:38,573 [INFO] app: Before Request
2022-05-11 17:51:38,621 [INFO] app: After Request
2022-05-11 17:51:39,147 [INFO] app: Before Request
2022-05-11 17:51:39,274 [INFO] app: After Request
2022-05-11 17:51:39,319 [INFO] app: Before Request
2022-05-11 17:51:39,463 [INFO] app: After Request
2022-05-11 17:51:39,536 [INFO] app: Before Request
2022-05-11 17:51:39,760 [INFO] app: After Request
2022-05-11 17:51:39,828 [INFO] app: Before Request
2022-05-11 17:51:39,969 [INFO] app: After Request
2022-05-11 17:51:40,063 [INFO] app: Before Request
2022-05-11 17:51:40,262 [INFO] app: After Request
2022-05-11 17:51:40,302 [INFO] app: Before Request
2022-05-11 17:51:40,444 [INFO] app: After Request
2022-05-11 17:51:40,602 [INFO] app: Before Request
2022-05-11 17:51:40,860 [INFO] app: After Request
2022-05-11 17:51:40,936 [INFO] app: Before Request
2022-05-11 17:51:41,078 [INFO] app: After Request
2022-05-11 17:53:04,395 [INFO] app: Before Request
2022-05-11 17:53:04,517 [INFO] app: After Request
2022-05-11 17:53:04,631 [INFO] app: Before Request
2022-05-11 17:53:04,634 [INFO] app: After Request
2022-05-11 17:53:04,639 [INFO] app: Before Request
2022-05-11 17:53:04,915 [INFO] app: After Request
2022-05-11 17:53:04,918 [INFO] app: Before Request
2022-05-11 17:53:04,935 [INFO] app: After Request
2022-05-11 17:53:05,183 [INFO] app: Before Request
2022-05-11 17:53:05,385 [INFO] app: After Request
2022-05-11 17:53:05,444 [INFO] app: Before Request
2022-05-11 17:53:05,627 [INFO] app: After Request
2022-05-11 17:53:05,668 [INFO] app: Before Request
2022-05-11 17:53:05,794 [INFO] app: After Request
2022-05-11 17:53:05,834 [INFO] app: Before Request
2022-05-11 17:53:05,991 [INFO] app: After Request
2022-05-11 17:53:06,552 [INFO] app: Before Request
2022-05-11 17:53:06,810 [INFO] app: After Request
2022-05-11 17:53:06,850 [INFO] app: Before Request
2022-05-11 17:53:06,971 [INFO] app: After Request
2022-05-11 17:53:07,077 [INFO] app: Before Request
2022-05-11 17:53:07,381 [INFO] app: After Request
2022-05-11 17:53:07,464 [INFO] app: Before Request
2022-05-11 17:53:07,685 [INFO] app: After Request
2022-05-11 17:54:53,730 [INFO] app: Before Request
2022-05-11 17:54:54,000 [INFO] app: After Request
2022-05-11 17:54:54,434 [INFO] app: Before Request
2022-05-11 17:54:54,450 [INFO] app: After Request
2022-05-11 17:54:54,860 [INFO] app: Before Request
2022-05-11 17:56:34,431 [INFO] app: Before Request
2022-05-11 17:56:34,629 [INFO] app: After Request
2022-05-11 17:56:34,750 [INFO] app: Before Request
2022-05-11 17:56:34,753 [INFO] app: After Request
2022-05-11 17:56:34,758 [INFO] app: Before Request
2022-05-11 17:56:35,006 [INFO] app: After Request
2022-05-11 17:56:35,009 [INFO] app: Before Request
2022-05-11 17:56:35,028 [INFO] app: After Request
2022-05-11 17:56:35,219 [INFO] app: Before Request
2022-05-11 17:56:35,347 [INFO] app: After Request
2022-05-11 17:56:35,389 [INFO] app: Before Request
2022-05-11 17:56:35,515 [INFO] app: After Request
2022-05-11 17:56:35,561 [INFO] app: Before Request
2022-05-11 17:56:35,700 [INFO] app: After Request
2022-05-11 17:56:35,753 [INFO] app: Before Request
2022-05-11 17:56:35,893 [INFO] app: After Request
2022-05-11 17:56:36,105 [INFO] app: Before Request
2022-05-11 17:56:36,244 [INFO] app: After Request
2022-05-11 17:56:36,341 [INFO] app: Before Request
2022-05-11 17:56:36,535 [INFO] app: After Request
2022-05-11 17:56:36,584 [INFO] app: Before Request
2022-05-11 17:56:36,742 [INFO] app: After Request
2022-05-11 17:56:36,888 [INFO] app: Before Request
2022-05-11 17:56:37,149 [INFO] app: After Request
2022-05-11 17:58:32,890 [INFO] app: Before Request
2022-05-11 17:58:33,066 [INFO] app: After Request
2022-05-11 17:58:33,164 [INFO] app: Before Request
2022-05-11 17:58:33,167 [INFO] app: After Request
2022-05-11 17:58:33,171 [INFO] app: Before Request
2022-05-11 17:58:33,359 [INFO] app: After Request
2022-05-11 17:58:33,362 [INFO] app: Before Request
2022-05-11 17:58:33,381 [INFO] app: After Request
2022-05-11 17:58:33,517 [INFO] app: Before Request
2022-05-11 17:58:33,658 [INFO] app: After Request
2022-05-11 17:58:33,707 [INFO] app: Before Request
2022-05-11 17:58:33,836 [INFO] app: After Request
2022-05-11 17:58:33,960 [INFO] app: Before Request
2022-05-11 17:58:34,161 [INFO] app: After Request
2022-05-11 17:58:34,223 [INFO] app: Before Request
2022-05-11 17:58:34,470 [INFO] app: After Request
2022-05-11 17:58:34,523 [INFO] app: Before Request
2022-05-11 17:58:34,652 [INFO] app: After Request
2022-05-11 17:58:34,890 [INFO] app: Before Request
2022-05-11 17:58:35,018 [INFO] app: After Request
2022-05-11 17:58:35,108 [INFO] app: Before Request
2022-05-11 17:58:35,363 [INFO] app: After Request
2022-05-11 17:58:35,410 [INFO] app: Before Request
2022-05-11 17:58:35,580 [INFO] app: After Request
2022-05-11 17:59:12,626 [INFO] app: Before Request
2022-05-11 17:59:12,764 [INFO] app: After Request
2022-05-11 17:59:12,815 [INFO] app: Before Request
2022-05-11 17:59:12,816 [INFO] app: After Request
2022-05-11 17:59:12,818 [INFO] app: Before Request
2022-05-11 17:59:12,949 [INFO] app: After Request
2022-05-11 17:59:12,951 [INFO] app: Before Request
2022-05-11 17:59:12,962 [INFO] app: After Request
2022-05-11 17:59:13,158 [INFO] app: Before Request
2022-05-11 17:59:13,442 [INFO] app: After Request
2022-05-11 17:59:13,531 [INFO] app: Before Request
2022-05-11 17:59:13,687 [INFO] app: After Request
2022-05-11 17:59:13,770 [INFO] app: Before Request
2022-05-11 17:59:13,962 [INFO] app: After Request
2022-05-11 17:59:14,063 [INFO] app: Before Request
2022-05-11 17:59:14,196 [INFO] app: After Request
2022-05-11 17:59:14,237 [INFO] app: Before Request
2022-05-11 17:59:14,363 [INFO] app: After Request
2022-05-11 17:59:14,463 [INFO] app: Before Request
2022-05-11 17:59:14,752 [INFO] app: After Request
2022-05-11 17:59:14,844 [INFO] app: Before Request
2022-05-11 17:59:14,989 [INFO] app: After Request
2022-05-11 17:59:15,044 [INFO] app: Before Request
2022-05-11 17:59:15,231 [INFO] app: After Request
2022-05-11 19:40:07,859 [INFO] app: Before Request
2022-05-11 19:40:07,993 [INFO] app: After Request
2022-05-11 19:40:08,037 [INFO] app: Before Request
2022-05-11 19:40:08,038 [INFO] app: After Request
2022-05-11 19:40:08,040 [INFO] app: Before Request
2022-05-11 19:40:08,173 [INFO] app: After Request
2022-05-11 19:40:08,176 [INFO] app: Before Request
2022-05-11 19:40:08,190 [INFO] app: After Request
2022-05-11 19:40:08,307 [INFO] app: Before Request
2022-05-11 19:40:08,438 [INFO] app: After Request
2022-05-11 19:40:08,480 [INFO] app: Before Request
2022-05-11 19:40:08,605 [INFO] app: After Request
2022-05-11 19:40:08,648 [INFO] app: Before Request
2022-05-11 19:40:08,793 [INFO] app: After Request
2022-05-11 19:40:08,833 [INFO] app: Before Request
2022-05-11 19:40:08,960 [INFO] app: After Request
2022-05-11 19:40:09,002 [INFO] app: Before Request
2022-05-11 19:40:09,128 [INFO] app: After Request
2022-05-11 19:40:09,173 [INFO] app: Before Request
2022-05-11 19:40:09,297 [INFO] app: After Request
2022-05-11 19:40:09,339 [INFO] app: Before Request
2022-05-11 19:40:09,467 [INFO] app: After Request
2022-05-11 19:40:09,509 [INFO] app: Before Request
2022-05-11 19:40:09,633 [INFO] app: After Request
2022-05-11 19:42:01,385 [INFO] app: Before Request
2022-05-11 19:42:01,550 [INFO] app: After Request
2022-05-11 19:42:05,187 [INFO] app: Before Request
2022-05-11 19:42:05,291 [INFO] app: After Request
2022-05-11 19:42:07,974 [INFO] app: Before Request
2022-05-11 19:42:07,976 [INFO] app: After Request
2022-05-11 19:42:07,982 [INFO] app: Before Request
2022-05-11 19:42:07,997 [INFO] app: After Request
2022-05-11 19:42:10,730 [INFO] app: Before Request
2022-05-11 19:42:10,752 [INFO] app: After Request
2022-05-11 19:42:14,304 [INFO] app: Before Request
2022-05-11 19:42:14,310 [INFO] app: After Request
2022-05-11 19:42:15,622 [INFO] app: Before Request
2022-05-11 19:42:15,642 [INFO] app: After Request
2022-05-11 19:42:16,216 [INFO] app: Before Request
2022-05-11 19:42:16,217 [INFO] app: After Request
2022-05-11 19:42:16,224 [INFO] app: Before Request
2022-05-11 19:42:16,230 [INFO] app: After Request
2022-05-11 19:42:17,297 [INFO] app: Before Request
2022-05-11 19:42:17,311 [INFO] app: After Request
2022-05-11 19:42:50,005 [INFO] app: Before Request
2022-05-11 19:42:50,060 [INFO] app: After Request
2022-05-11 19:42:51,747 [INFO] app: Before Request
2022-05-11 19:42:51,757 [INFO] app: After Request
2022-05-11 19:42:53,053 [INFO] app: Before Request
2022-05-11 19:42:53,067 [INFO] app: After Request
2022-05-11 19:42:53,977 [INFO] app: Before Request
2022-05-11 19:42:53,996 [INFO] app: After Request
2022-05-11 19:42:54,819 [INFO] app: Before Request
2022-05-11 19:42:54,829 [INFO] app: After Request
2022-05-11 19:42:55,919 [INFO] app: Before Request
2022-05-11 19:42:55,939 [INFO] app: After Request
2022-05-11 19:42:58,907 [INFO] app: Before Request
2022-05-11 19:42:58,916 [INFO] app: After Request
2022-05-11 19:42:59,829 [INFO] app: Before Request
2022-05-11 19:42:59,837 [INFO] app: After Request
2022-05-11 19:43:00,542 [INFO] app: Before Request
2022-05-11 19:43:00,550 [INFO] app: After Request
2022-05-11 19:43:16,697 [INFO] app: Before Request
2022-05-11 19:43:42,749 [INFO] app: Before Request
2022-05-11 19:43:42,780 [INFO] app: After Request
2022-05-11 19:43:44,152 [INFO] app: Before Request
2022-05-11 19:43:44,168 [INFO] app: After Request
2022-05-11 19:43:44,965 [INFO] app: Before Request
2022-05-11 19:43:44,967 [INFO] app: After Request
2022-05-11 19:43:44,975 [INFO] app: Before Request
2022-05-11 19:43:44,982 [INFO] app: After Request
2022-05-11 19:43:46,458 [INFO] app: Before Request
2022-05-11 19:43:46,477 [INFO] app: After Request
2022-05-11 19:43:47,343 [INFO] app: Before Request
2022-05-11 19:43:47,345 [INFO] app: After Request
2022-05-11 19:43:47,353 [INFO] app: Before Request
2022-05-11 19:43:47,360 [INFO] app: After Request
2022-05-11 19:51:54,019 [INFO] app: Before Request
2022-05-11 19:51:54,138 [INFO] app: After Request
2022-05-11 19:51:54,183 [INFO] app: Before Request
2022-05-11 19:51:54,184 [INFO] app: After Request
2022-05-11 19:51:54,185 [INFO] app: Before Request
2022-05-11 19:51:54,310 [INFO] app: After Request
2022-05-11 19:51:54,312 [INFO] app: Before Request
2022-05-11 19:51:54,328 [INFO] app: After Request
2022-05-11 19:51:54,467 [INFO] app: Before Request
2022-05-11 19:51:54,593 [INFO] app: After Request
2022-05-11 19:51:54,634 [INFO] app: Before Request
2022-05-11 19:51:54,757 [INFO] app: After Request
2022-05-11 19:51:54,800 [INFO] app: Before Request
2022-05-11 19:51:54,926 [INFO] app: After Request
2022-05-11 19:51:54,971 [INFO] app: Before Request
2022-05-11 19:51:55,097 [INFO] app: After Request
2022-05-11 19:51:55,138 [INFO] app: Before Request
2022-05-11 19:51:55,279 [INFO] app: After Request
2022-05-11 19:51:55,320 [INFO] app: Before Request
2022-05-11 19:51:55,442 [INFO] app: After Request
2022-05-11 19:51:55,484 [INFO] app: Before Request
2022-05-11 19:51:55,610 [INFO] app: After Request
2022-05-11 19:51:55,650 [INFO] app: Before Request
2022-05-11 19:51:55,780 [INFO] app: After Request
2022-05-11 20:07:45,779 [INFO] app: Before Request
2022-05-11 20:07:45,924 [INFO] app: After Request
2022-05-11 20:07:48,373 [INFO] app: Before Request
2022-05-11 20:07:48,375 [INFO] app: After Request
2022-05-11 20:07:48,384 [INFO] app: Before Request
2022-05-11 20:07:48,398 [INFO] app: After Request
2022-05-11 20:07:49,793 [INFO] app: Before Request
2022-05-11 20:07:49,826 [INFO] app: After Request
2022-05-11 20:07:49,834 [INFO] app: Before Request
2022-05-11 20:07:49,845 [INFO] app: After Request
2022-05-11 20:07:51,113 [INFO] app: Before Request
2022-05-11 20:07:51,130 [INFO] app: After Request
2022-05-11 20:07:57,985 [INFO] app: Before Request
2022-05-11 20:07:58,154 [INFO] app: After Request
2022-05-11 20:07:58,162 [INFO] app: Before Request
2022-05-11 20:07:58,167 [INFO] app: After Request
2022-05-11 20:08:01,129 [INFO] app: Before Request
2022-05-11 20:08:01,294 [INFO] app: After Request
2022-05-11 20:08:01,301 [INFO] app: Before Request
2022-05-11 20:08:01,320 [INFO] app: After Request
2022-05-11 20:08:03,858 [INFO] app: Before Request
2022-05-11 20:08:03,884 [INFO] app: After Request
2022-05-11 20:08:08,401 [INFO] app: Before Request
2022-05-11 20:08:08,472 [INFO] app: After Request
2022-05-11 20:08:08,480 [INFO] app: Before Request
2022-05-11 20:08:08,567 [INFO] app: After Request
2022-05-11 20:10:30,214 [INFO] app: Before Request
2022-05-11 20:10:30,381 [INFO] app: After Request
2022-05-11 20:10:33,030 [INFO] app: Before Request
2022-05-11 20:10:33,053 [INFO] app: After Request
2022-05-11 20:10:37,021 [INFO] app: Before Request
2022-05-11 20:10:37,100 [INFO] app: After Request
2022-05-11 20:10:37,108 [INFO] app: Before Request
2022-05-11 20:10:37,199 [INFO] app: After Request
2022-05-11 20:12:46,482 [INFO] app: Before Request
2022-05-11 20:12:46,642 [INFO] app: After Request
2022-05-11 20:12:48,609 [INFO] app: Before Request
2022-05-11 20:12:48,636 [INFO] app: After Request
2022-05-11 20:12:52,652 [INFO] app: Before Request
2022-05-11 20:12:52,678 [INFO] csv: CSV file uploaded
2022-05-11 20:12:52,722 [INFO] app: After Request
2022-05-11 20:12:52,731 [INFO] app: Before Request
2022-05-11 20:12:52,820 [INFO] app: After Request
2022-05-11 20:14:15,418 [INFO] app: Before Request
2022-05-11 20:14:15,649 [INFO] app: After Request
2022-05-11 20:14:17,542 [INFO] app: Before Request
2022-05-11 20:14:17,570 [INFO] app: After Request
2022-05-11 20:14:21,018 [INFO] app: Before Request
2022-05-11 20:14:21,087 [INFO] app: After Request
2022-05-11 20:14:21,095 [INFO] app: Before Request
2022-05-11 20:14:21,118 [INFO] app: After Request
2022-05-11 20:17:47,810 [INFO] app: Before Request
2022-05-11 20:18:32,890 [INFO] app: Before Request
2022-05-11 20:18:33,049 [INFO] app: After Request
2022-05-11 20:20:06,769 [INFO] app: Before Request
2022-05-11 20:20:06,792 [INFO] app: After Request
2022-05-11 20:20:11,890 [INFO] app: Before Request
2022-05-11 20:20:11,967 [INFO] app: After Request
2022-05-11 20:20:11,974 [INFO] app: Before Request
2022-05-11 20:20:12,068 [INFO] app: After Request
2022-05-11 20:24:32,252 [INFO] app: Before Request
2022-05-11 20:24:32,445 [INFO] app: After Request
2022-05-11 20:24:35,163 [INFO] app: Before Request
2022-05-11 20:24:35,188 [INFO] app: After Request
2022-05-11 20:24:39,485 [INFO] app: Before Request
2022-05-11 20:24:39,555 [INFO] app: After Request
2022-05-11 20:24:39,564 [INFO] app: Before Request
2022-05-11 20:24:39,655 [INFO] app: After Request
2022-05-11 20:36:11,561 [INFO] app: Before Request
2022-05-11 20:36:11,756 [INFO] app: After Request
2022-05-11 20:36:14,461 [INFO] app: Before Request
2022-05-11 20:36:14,487 [INFO] app: After Request
2022-05-11 20:36:18,442 [INFO] app: Before Request
2022-05-11 20:36:18,468 [INFO] root: User: cd394@njit.edu,File Nametransactions_3.csvFile Path/home/myuser/app/uploads/transactions_3.csv
2022-05-11 20:36:18,515 [INFO] app: After Request
2022-05-11 20:36:18,522 [INFO] app: Before Request
2022-05-11 20:36:18,615 [INFO] app: After Request
2022-05-11 20:38:28,090 [INFO] app: Before Request
2022-05-11 20:38:28,251 [INFO] app: After Request
2022-05-11 20:38:31,994 [INFO] app: Before Request
2022-05-11 20:38:32,021 [INFO] root: User: cd394@njit.edu, File Name: transactions_3.csv, File Path: /home/myuser/app/uploads/transactions_3.csv
2022-05-11 20:38:32,069 [INFO] app: After Request
2022-05-11 20:38:32,077 [INFO] app: Before Request
2022-05-11 20:38:32,168 [INFO] app: After Request
